<?xml version="1.0" encoding="UTF-8"?>
<!-- Generated by org.testng.reporters.JUnitReportReporter -->
<testsuite hostname="Ganesh" failures="0" tests="2" name="com.demo.practiceTest.TestNGAssertTest" time="0.112" errors="0" timestamp="30 May 2022 09:58:49 GMT" skipped="0">
  <testcase classname="com.demo.practiceTest.TestNGAssertTest" name="practice1Test" time="0.107"/>
  <testcase classname="com.demo.practiceTest.TestNGAssertTest" name="practice2Test" time="0.005"/>
</testsuite> <!-- com.demo.practiceTest.TestNGAssertTest -->
